<?xml version="1.0" encoding="UTF-8"?>
<testsuite xmlns:xsi="http://www.w3.org/2001/XMLSchema-instance" xsi:noNamespaceSchemaLocation="https://maven.apache.org/surefire/maven-surefire-plugin/xsd/surefire-test-report-3.0.xsd" version="3.0" name="com.screenplay.project.runners.TestRunner" time="9.763" tests="1" errors="0" skipped="0" failures="0">
  <properties>
[...]
</properties>
  <testcase name="Finalizar una compra con 1 producto" classname="Compra exitosa de un producto" time="9.298">
    <system-out><![CDATA[
@compra_exitosa @e2e @smoke
Scenario: Finalizar una compra con 1 producto                               &amp#27;[90m# features/compra_exitosa.feature:10&amp#27;[0m
  &amp#27;[32mGiven &amp#27;[0m&amp#27;[32mque el usuario inicia sesión con credenciales válidas&amp#27;[0m               &amp#27;[90m# com.screenplay.project.stepdefinitions.CompraStepDefinitions.elUsuarioIniciaSession()&amp#27;[0m
  &amp#27;[32mWhen &amp#27;[0m&amp#27;[32magrega el producto &amp#27;[0m&amp#27;[32m&amp#27;[1m"Sauce Labs Backpack"&amp#27;[0m&amp#27;[32m al carrito&amp#27;[0m                  &amp#27;[90m# com.screenplay.project.stepdefinitions.CompraStepDefinitions.agregaElProductoAlCarrito(java.lang.String)&amp#27;[0m
  &amp#27;[32mAnd &amp#27;[0m&amp#27;[32mnavega al carrito&amp#27;[0m                                                     &amp#27;[90m# com.screenplay.project.stepdefinitions.CompraStepDefinitions.navegaAlCarrito()&amp#27;[0m
  &amp#27;[32mAnd &amp#27;[0m&amp#27;[32minicia el proceso de checkout&amp#27;[0m                                         &amp#27;[90m# com.screenplay.project.stepdefinitions.CompraStepDefinitions.iniciaElProcesoDeCheckout()&amp#27;[0m
  &amp#27;[32mAnd &amp#27;[0m&amp#27;[32mcompleta los datos del comprador:&amp#27;[0m                                     &amp#27;[90m# com.screenplay.project.stepdefinitions.CompraStepDefinitions.completaLosDatosDelComprador(io.cucumber.datatable.DataTable)&amp#27;[0m
    | firstName | lastName | postalCode |
    | Sheila    | Tapia    | 051        |
  &amp#27;[32mThen &amp#27;[0m&amp#27;[32mvisualiza el resumen de compra con el producto &amp#27;[0m&amp#27;[32m&amp#27;[1m"Sauce Labs Backpack"&amp#27;[0m &amp#27;[90m# com.screenplay.project.stepdefinitions.CompraStepDefinitions.visualizaElResumenDeCompra(java.lang.String)&amp#27;[0m
  &amp#27;[32mWhen &amp#27;[0m&amp#27;[32mfinaliza la compra&amp#27;[0m                                                   &amp#27;[90m# com.screenplay.project.stepdefinitions.CompraStepDefinitions.finalizaLaCompra()&amp#27;[0m
  &amp#27;[32mThen &amp#27;[0m&amp#27;[32mve el mensaje de confirmación de orden&amp#27;[0m                               &amp#27;[90m# com.screenplay.project.stepdefinitions.CompraStepDefinitions.veElMensajeDeConfirmacion()&amp#27;[0m
  &amp#27;[32mAnd &amp#27;[0m&amp#27;[32mel carrito queda vacío&amp#27;[0m                                                &amp#27;[90m# com.screenplay.project.stepdefinitions.CompraStepDefinitions.elCarritoQuedaVacio()&amp#27;[0m
]]></system-out>
    <system-err><![CDATA[SLF4J: No SLF4J providers were found.
SLF4J: Defaulting to no-operation (NOP) logger implementation
SLF4J: See https://www.slf4j.org/codes.html#noProviders for further details.
abr. 13, 2026 10:41:27 A. M. org.openqa.selenium.devtools.CdpVersionFinder findNearestMatch
ADVERTENCIA: Unable to find CDP implementation matching 146
abr. 13, 2026 10:41:27 A. M. org.openqa.selenium.chromium.ChromiumDriver lambda$new$5
ADVERTENCIA: Unable to find version of CDP to use for 146.0.7680.178. You may need to include a dependency on a specific version of the CDP using something similar to `org.seleniumhq.selenium:selenium-devtools-v86:4.21.0` where the version ("v86") matches the version of the chromium-based browser you're using and the version number of the artifact is the same as Selenium's.
]]></system-err>
  </testcase>
</testsuite>